0 info it worked if it ends with ok
1 verbose cli [ '/usr/local/bin/node',
1 verbose cli   '/usr/local/bin/npm',
1 verbose cli   'install',
1 verbose cli   '-g',
1 verbose cli   'eslint' ]
2 info using npm@2.15.0
3 info using node@v4.4.2
4 verbose install initial load of /usr/local/lib/package.json
5 verbose readDependencies loading dependencies from /usr/local/lib/package.json
6 silly cache add args [ 'eslint', null ]
7 verbose cache add spec eslint
8 silly cache add parsed spec Result {
8 silly cache add   raw: 'eslint',
8 silly cache add   scope: null,
8 silly cache add   name: 'eslint',
8 silly cache add   rawSpec: '',
8 silly cache add   spec: 'latest',
8 silly cache add   type: 'tag' }
9 silly addNamed eslint@latest
10 verbose addNamed "latest" is being treated as a dist-tag for eslint
11 info addNameTag [ 'eslint', 'latest' ]
12 silly mapToRegistry name eslint
13 silly mapToRegistry using default registry
14 silly mapToRegistry registry https://registry.npmjs.org/
15 silly mapToRegistry data Result {
15 silly mapToRegistry   raw: 'eslint',
15 silly mapToRegistry   scope: null,
15 silly mapToRegistry   name: 'eslint',
15 silly mapToRegistry   rawSpec: '',
15 silly mapToRegistry   spec: 'latest',
15 silly mapToRegistry   type: 'tag' }
16 silly mapToRegistry uri https://registry.npmjs.org/eslint
17 verbose addNameTag registry:https://registry.npmjs.org/eslint not in flight; fetching
18 verbose request uri https://registry.npmjs.org/eslint
19 verbose request no auth needed
20 info attempt registry request try #1 at 10:42:54 AM
21 verbose request using bearer token for auth
22 verbose request id 6c06d9b12bf5a686
23 verbose etag "DW0LNGL0PNLJLTOUEFAOGSELZ"
24 http request GET https://registry.npmjs.org/eslint
25 http 200 https://registry.npmjs.org/eslint
26 verbose headers { server: 'CouchDB/1.5.0 (Erlang OTP/R16B03)',
26 verbose headers   etag: '"8SQTLZ261GZEU8DBQ4ICLBYI6"',
26 verbose headers   'content-type': 'application/json',
26 verbose headers   'content-encoding': 'gzip',
26 verbose headers   'cache-control': 'max-age=300',
26 verbose headers   'transfer-encoding': 'chunked',
26 verbose headers   'accept-ranges': 'bytes',
26 verbose headers   date: 'Wed, 11 May 2016 17:42:54 GMT',
26 verbose headers   via: '1.1 varnish',
26 verbose headers   connection: 'keep-alive',
26 verbose headers   'x-served-by': 'cache-dfw1835-DFW',
26 verbose headers   'x-cache': 'MISS',
26 verbose headers   'x-cache-hits': '0',
26 verbose headers   'x-timer': 'S1462988574.508889,VS0,VE342',
26 verbose headers   vary: 'Accept-Encoding' }
27 silly get cb [ 200,
27 silly get   { server: 'CouchDB/1.5.0 (Erlang OTP/R16B03)',
27 silly get     etag: '"8SQTLZ261GZEU8DBQ4ICLBYI6"',
27 silly get     'content-type': 'application/json',
27 silly get     'content-encoding': 'gzip',
27 silly get     'cache-control': 'max-age=300',
27 silly get     'transfer-encoding': 'chunked',
27 silly get     'accept-ranges': 'bytes',
27 silly get     date: 'Wed, 11 May 2016 17:42:54 GMT',
27 silly get     via: '1.1 varnish',
27 silly get     connection: 'keep-alive',
27 silly get     'x-served-by': 'cache-dfw1835-DFW',
27 silly get     'x-cache': 'MISS',
27 silly get     'x-cache-hits': '0',
27 silly get     'x-timer': 'S1462988574.508889,VS0,VE342',
27 silly get     vary: 'Accept-Encoding' } ]
28 verbose get saving eslint to /Users/rachelburke/.npm/registry.npmjs.org/eslint/.cache.json
29 verbose correctMkdir /Users/rachelburke/.npm correctMkdir not in flight; initializing
30 silly addNameTag next cb for eslint with tag latest
31 silly addNamed eslint@2.9.0
32 verbose addNamed "2.9.0" is a plain semver version for eslint
33 silly cache afterAdd eslint@2.9.0
34 verbose afterAdd /Users/rachelburke/.npm/eslint/2.9.0/package/package.json not in flight; writing
35 verbose correctMkdir /Users/rachelburke/.npm correctMkdir not in flight; initializing
36 verbose afterAdd /Users/rachelburke/.npm/eslint/2.9.0/package/package.json written
37 silly install resolved [ { name: 'eslint',
37 silly install resolved     version: '2.9.0',
37 silly install resolved     author:
37 silly install resolved      { name: 'Nicholas C. Zakas',
37 silly install resolved        email: 'nicholas+npm@nczconsulting.com' },
37 silly install resolved     description: 'An AST-based pattern checker for JavaScript.',
37 silly install resolved     bin: { eslint: './bin/eslint.js' },
37 silly install resolved     main: './lib/api.js',
37 silly install resolved     scripts:
37 silly install resolved      { test: 'node Makefile.js test',
37 silly install resolved        lint: 'node Makefile.js lint',
37 silly install resolved        release: 'node Makefile.js release',
37 silly install resolved        alpharelease: 'node Makefile.js prerelease -- alpha',
37 silly install resolved        betarelease: 'node Makefile.js prerelease -- beta',
37 silly install resolved        docs: 'node Makefile.js docs',
37 silly install resolved        gensite: 'node Makefile.js gensite',
37 silly install resolved        browserify: 'node Makefile.js browserify',
37 silly install resolved        perf: 'node Makefile.js perf',
37 silly install resolved        profile: 'beefy tests/bench/bench.js --open -- -t brfs -t ./tests/bench/xform-rules.js -r espree',
37 silly install resolved        coveralls: 'cat ./coverage/lcov.info | coveralls',
37 silly install resolved        'check-commit': 'node Makefile.js checkGitCommit' },
37 silly install resolved     files: [ 'LICENSE', 'README.md', 'bin', 'conf', 'lib', 'messages' ],
37 silly install resolved     repository: { type: 'git', url: 'git+https://github.com/eslint/eslint.git' },
37 silly install resolved     homepage: 'http://eslint.org',
37 silly install resolved     bugs: { url: 'https://github.com/eslint/eslint/issues/' },
37 silly install resolved     dependencies:
37 silly install resolved      { chalk: '^1.1.3',
37 silly install resolved        'concat-stream': '^1.4.6',
37 silly install resolved        debug: '^2.1.1',
37 silly install resolved        doctrine: '^1.2.1',
37 silly install resolved        'es6-map': '^0.1.3',
37 silly install resolved        escope: '^3.6.0',
37 silly install resolved        espree: '3.1.4',
37 silly install resolved        estraverse: '^4.2.0',
37 silly install resolved        esutils: '^2.0.2',
37 silly install resolved        'file-entry-cache': '^1.1.1',
37 silly install resolved        glob: '^7.0.3',
37 silly install resolved        globals: '^9.2.0',
37 silly install resolved        ignore: '^3.1.2',
37 silly install resolved        imurmurhash: '^0.1.4',
37 silly install resolved        inquirer: '^0.12.0',
37 silly install resolved        'is-my-json-valid': '^2.10.0',
37 silly install resolved        'is-resolvable': '^1.0.0',
37 silly install resolved        'js-yaml': '^3.5.1',
37 silly install resolved        'json-stable-stringify': '^1.0.0',
37 silly install resolved        lodash: '^4.0.0',
37 silly install resolved        mkdirp: '^0.5.0',
37 silly install resolved        optionator: '^0.8.1',
37 silly install resolved        'path-is-absolute': '^1.0.0',
37 silly install resolved        'path-is-inside': '^1.0.1',
37 silly install resolved        pluralize: '^1.2.1',
37 silly install resolved        progress: '^1.1.8',
37 silly install resolved        'require-uncached': '^1.0.2',
37 silly install resolved        shelljs: '^0.6.0',
37 silly install resolved        'strip-json-comments': '~1.0.1',
37 silly install resolved        table: '^3.7.8',
37 silly install resolved        'text-table': '~0.2.0',
37 silly install resolved        'user-home': '^2.0.0' },
37 silly install resolved     devDependencies:
37 silly install resolved      { beefy: '^2.0.0',
37 silly install resolved        brfs: '0.0.9',
37 silly install resolved        browserify: '^12.0.1',
37 silly install resolved        chai: '^3.5.0',
37 silly install resolved        cheerio: '^0.19.0',
37 silly install resolved        coveralls: '2.11.4',
37 silly install resolved        dateformat: '^1.0.8',
37 silly install resolved        ejs: '^2.3.3',
37 silly install resolved        'eslint-release': '^0.5.0',
37 silly install resolved        esprima: '^2.4.1',
37 silly install resolved        'esprima-fb': '^15001.1001.0-dev-harmony-fb',
37 silly install resolved        'gh-got': '^2.2.0',
37 silly install resolved        istanbul: '^0.4.0',
37 silly install resolved        jsdoc: '^3.3.0-beta1',
37 silly install resolved        leche: '^2.1.1',
37 silly install resolved        linefix: '^0.1.1',
37 silly install resolved        'load-perf': '^0.2.0',
37 silly install resolved        markdownlint: '^0.1.0',
37 silly install resolved        mocha: '^2.4.5',
37 silly install resolved        'mocha-phantomjs': '4.0.1',
37 silly install resolved        'npm-license': '^0.3.2',
37 silly install resolved        'phantomjs-polyfill': '0.0.1',
37 silly install resolved        proxyquire: '^1.0.0',
37 silly install resolved        semver: '^5.0.3',
37 silly install resolved        'shelljs-nodecli': '~0.1.0',
37 silly install resolved        sinon: '^1.17.2',
37 silly install resolved        temp: '^0.8.3',
37 silly install resolved        through: '^2.3.6' },
37 silly install resolved     keywords: [ 'ast', 'lint', 'javascript', 'ecmascript', 'espree' ],
37 silly install resolved     license: 'MIT',
37 silly install resolved     engines: { node: '>=0.10' },
37 silly install resolved     gitHead: 'd8887638a9eaeeda6ea09f7d625d1bc57ea7f436',
37 silly install resolved     _id: 'eslint@2.9.0',
37 silly install resolved     _shasum: '5b3fdb7497bb042e2747e3d1fe95f404dca39a60',
37 silly install resolved     _from: 'eslint@latest',
37 silly install resolved     _npmVersion: '2.15.0',
37 silly install resolved     _nodeVersion: '4.4.2',
37 silly install resolved     _npmUser: { name: 'nzakas', email: 'nicholas@nczconsulting.com' },
37 silly install resolved     maintainers: [ [Object], [Object] ],
37 silly install resolved     dist:
37 silly install resolved      { shasum: '5b3fdb7497bb042e2747e3d1fe95f404dca39a60',
37 silly install resolved        tarball: 'https://registry.npmjs.org/eslint/-/eslint-2.9.0.tgz' },
37 silly install resolved     _npmOperationalInternal:
37 silly install resolved      { host: 'packages-12-west.internal.npmjs.com',
37 silly install resolved        tmp: 'tmp/eslint-2.9.0.tgz_1461949357357_0.922593503491953' },
37 silly install resolved     directories: {},
37 silly install resolved     _resolved: 'https://registry.npmjs.org/eslint/-/eslint-2.9.0.tgz',
37 silly install resolved     readme: 'ERROR: No README data found!' } ]
38 info install eslint@2.9.0 into /usr/local/lib
39 info installOne eslint@2.9.0
40 verbose installOne of eslint to /usr/local/lib not in flight; installing
41 verbose correctMkdir /Users/rachelburke/.npm/_locks correctMkdir not in flight; initializing
42 verbose lock using /Users/rachelburke/.npm/_locks/eslint-73063478b74e4f91.lock for /usr/local/lib/node_modules/eslint
43 silly install write writing eslint 2.9.0 to /usr/local/lib/node_modules/eslint
44 verbose unbuild lib/node_modules/eslint
45 info preuninstall eslint@2.8.0
46 info uninstall eslint@2.8.0
47 verbose unbuild rmStuff eslint@2.8.0 from /usr/local/lib/node_modules
48 silly gentlyRm /usr/local/bin/eslint is being gently removed
49 silly gentlyRm verifying /usr/local is an npm working directory
50 silly gentlyRm containing path /usr/local is under npm's control, in /usr/local
51 silly gentlyRm deletion target /usr/local/bin/eslint is under /usr/local
52 verbose gentlyRm vacuuming from /usr/local/bin/eslint up to /usr/local
53 silly vacuum-fs removing /usr/local/bin/eslint
54 silly vacuum-fs quitting because other entries in /usr/local/bin
55 info postuninstall eslint@2.8.0
56 silly gentlyRm /usr/local/lib/node_modules/eslint is being purged from base /usr/local
57 verbose gentlyRm don't care about contents; nuking /usr/local/lib/node_modules/eslint
58 silly vacuum-fs purging /usr/local/lib/node_modules/eslint
59 verbose unlock done using /Users/rachelburke/.npm/_locks/eslint-73063478b74e4f91.lock for /usr/local/lib/node_modules/eslint
60 verbose stack Error: EACCES: permission denied, rmdir '/usr/local/lib/node_modules/eslint'
60 verbose stack     at Error (native)
61 verbose cwd /Users/rachelburke/seattle-javascript-401d7/webpack
62 error Darwin 14.5.0
63 error argv "/usr/local/bin/node" "/usr/local/bin/npm" "install" "-g" "eslint"
64 error node v4.4.2
65 error npm  v2.15.0
66 error path /usr/local/lib/node_modules/eslint
67 error code EACCES
68 error errno -13
69 error syscall rmdir
70 error Error: EACCES: permission denied, rmdir '/usr/local/lib/node_modules/eslint'
70 error     at Error (native)
70 error  { [Error: EACCES: permission denied, rmdir '/usr/local/lib/node_modules/eslint']
70 error   errno: -13,
70 error   code: 'EACCES',
70 error   syscall: 'rmdir',
70 error   path: '/usr/local/lib/node_modules/eslint' }
71 error Please try running this command again as root/Administrator.
72 verbose exit [ -13, true ]
73 verbose unbuild lib/node_modules/eslint
74 info preuninstall eslint@2.8.0
75 info uninstall eslint@2.8.0
76 verbose unbuild rmStuff eslint@2.8.0 from /usr/local/lib/node_modules
77 silly gentlyRm /usr/local/bin/eslint is being gently removed
78 silly gentlyRm verifying /usr/local is an npm working directory
79 silly gentlyRm containing path /usr/local is under npm's control, in /usr/local
80 silly gentlyRm deletion target /usr/local/bin/eslint is under /usr/local
81 verbose gentlyRm vacuuming from /usr/local/bin/eslint up to /usr/local
82 info postuninstall eslint@2.8.0
83 silly gentlyRm /usr/local/lib/node_modules/eslint is being purged from base /usr/local
84 verbose gentlyRm don't care about contents; nuking /usr/local/lib/node_modules/eslint
85 silly vacuum-fs purging /usr/local/lib/node_modules/eslint
86 error error rolling back Error: EACCES: permission denied, rmdir '/usr/local/lib/node_modules/eslint'
86 error error rolling back     at Error (native)
86 error error rolling back  { [Error: EACCES: permission denied, rmdir '/usr/local/lib/node_modules/eslint']
86 error error rolling back   errno: -13,
86 error error rolling back   code: 'EACCES',
86 error error rolling back   syscall: 'rmdir',
86 error error rolling back   path: '/usr/local/lib/node_modules/eslint' }
